\BOOKMARK [1][-]{section*.1}{Acknowledgments}{}% 1
\BOOKMARK [1][-]{section*.2}{Resumo}{}% 2
\BOOKMARK [1][-]{section*.3}{Abstract}{}% 3
\BOOKMARK [1][-]{section*.5}{List of Tables}{}% 4
\BOOKMARK [1][-]{section*.7}{List of Figures}{}% 5
\BOOKMARK [1][-]{section*.9}{Nomenclature}{}% 6
\BOOKMARK [1][-]{section*.10}{Glossary}{}% 7
\BOOKMARK [0][-]{chapter.1}{1 Introduction}{}% 8
\BOOKMARK [1][-]{section.1.1}{1.1 Motivation}{chapter.1}% 9
\BOOKMARK [1][-]{section.1.2}{1.2 Topic Overview}{chapter.1}% 10
\BOOKMARK [1][-]{section.1.3}{1.3 Objectives}{chapter.1}% 11
\BOOKMARK [1][-]{section.1.4}{1.4 Thesis Outline}{chapter.1}% 12
\BOOKMARK [0][-]{chapter.2}{2 State-of-the-art}{}% 13
\BOOKMARK [1][-]{section.2.1}{2.1 Overview}{chapter.2}% 14
\BOOKMARK [1][-]{section.2.2}{2.2 Web Services}{chapter.2}% 15
\BOOKMARK [1][-]{section.2.3}{2.3 SOA Web Services}{chapter.2}% 16
\BOOKMARK [1][-]{section.2.4}{2.4 REST Web Services}{chapter.2}% 17
\BOOKMARK [1][-]{section.2.5}{2.5 Theoretical Model 2}{chapter.2}% 18
\BOOKMARK [1][-]{section.2.6}{2.6 Theoretical Model 2}{chapter.2}% 19
\BOOKMARK [1][-]{section.2.7}{2.7 Theoretical Model 2}{chapter.2}% 20
\BOOKMARK [1][-]{section.2.8}{2.8 Theoretical Model 2}{chapter.2}% 21
\BOOKMARK [1][-]{section.2.9}{2.9 Theoretical Model 2}{chapter.2}% 22
\BOOKMARK [1][-]{section.2.10}{2.10 Theoretical Model 1}{chapter.2}% 23
\BOOKMARK [0][-]{chapter.3}{3 Architecture of the solution}{}% 24
\BOOKMARK [1][-]{section.3.1}{3.1 Overview}{chapter.3}% 25
\BOOKMARK [1][-]{section.3.2}{3.2 Binary Format}{chapter.3}% 26
\BOOKMARK [1][-]{section.3.3}{3.3 Compliance and Conformance}{chapter.3}% 27
\BOOKMARK [1][-]{section.3.4}{3.4 No static data binding}{chapter.3}% 28
\BOOKMARK [1][-]{section.3.5}{3.5 Theoretical Model 2}{chapter.3}% 29
\BOOKMARK [1][-]{section.3.6}{3.6 Theoretical Model 1}{chapter.3}% 30
\BOOKMARK [0][-]{chapter.4}{4 Implementation}{}% 31
\BOOKMARK [1][-]{section.4.1}{4.1 Numerical Model}{chapter.4}% 32
\BOOKMARK [1][-]{section.4.2}{4.2 Verification and Validation}{chapter.4}% 33
\BOOKMARK [0][-]{chapter.5}{5 Results}{}% 34
\BOOKMARK [1][-]{section.5.1}{5.1 Problem Description}{chapter.5}% 35
\BOOKMARK [1][-]{section.5.2}{5.2 Baseline Solution}{chapter.5}% 36
\BOOKMARK [1][-]{section.5.3}{5.3 Enhanced Solution}{chapter.5}% 37
\BOOKMARK [2][-]{subsection.5.3.1}{5.3.1 Figures}{section.5.3}% 38
\BOOKMARK [2][-]{subsection.5.3.2}{5.3.2 Equations}{section.5.3}% 39
\BOOKMARK [2][-]{subsection.5.3.3}{5.3.3 Tables}{section.5.3}% 40
\BOOKMARK [2][-]{subsection.5.3.4}{5.3.4 Mixing}{section.5.3}% 41
\BOOKMARK [0][-]{chapter.6}{6 Conclusions}{}% 42
\BOOKMARK [1][-]{section.6.1}{6.1 Achievements}{chapter.6}% 43
\BOOKMARK [1][-]{section.6.2}{6.2 Future Work}{chapter.6}% 44
\BOOKMARK [0][-]{section*.13}{Bibliography}{}% 45
\BOOKMARK [0][-]{appendix.A}{A Vector calculus}{}% 46
\BOOKMARK [1][-]{section.A.1}{A.1 Vector identities}{appendix.A}% 47
\BOOKMARK [0][-]{appendix.B}{B Technical Datasheets}{}% 48
\BOOKMARK [1][-]{section.B.1}{B.1 Some Datasheet}{appendix.B}% 49
